[2026-02-07T11:46:13.891Z] Invoice 156
        Existing GlobalNo: null
        Existing ReceiptCounter: null
        ZimraSync: {"nextGlobalNo":22,"nextReceiptCounter":1}
        Calculated NextGlobalNo: 22
        Calculated NextReceiptCounter: 1
        --------------------------------
[2026-02-07T11:47:37.616Z] Invoice 160
        Existing GlobalNo: null
        Existing ReceiptCounter: null
        ZimraSync: {"nextGlobalNo":23,"nextReceiptCounter":1}
        Calculated NextGlobalNo: 23
        Calculated NextReceiptCounter: 1
        --------------------------------
[2026-02-07T11:59:29.115Z] Invoice 166
        Existing GlobalNo: null
        Existing ReceiptCounter: null
        ZimraSync: {"nextGlobalNo":24,"nextReceiptCounter":1}
        Calculated NextGlobalNo: 24
        Calculated NextReceiptCounter: 1
        --------------------------------
[2026-02-08T05:21:42.354Z] Invoice 167
        Existing GlobalNo: null
        Existing ReceiptCounter: null
        ZimraSync: {"nextGlobalNo":25,"nextReceiptCounter":1}
        Calculated NextGlobalNo: 25
        Calculated NextReceiptCounter: 1
        --------------------------------
[2026-02-08T05:22:23.244Z] Invoice 167
        Existing GlobalNo: null
        Existing ReceiptCounter: null
        ZimraSync: {"nextGlobalNo":26,"nextReceiptCounter":1}
        Calculated NextGlobalNo: 26
        Calculated NextReceiptCounter: 1
        --------------------------------
[2026-02-08T06:41:21.030Z] Invoice 167
        Existing GlobalNo: null
        Existing ReceiptCounter: null
        ZimraSync: {"nextGlobalNo":27,"nextReceiptCounter":1}
        Calculated NextGlobalNo: 27
        Calculated NextReceiptCounter: 1
        --------------------------------
[2026-02-08T06:41:47.218Z] Invoice 167
        Existing GlobalNo: null
        Existing ReceiptCounter: null
        ZimraSync: {"nextGlobalNo":28,"nextReceiptCounter":1}
        Calculated NextGlobalNo: 28
        Calculated NextReceiptCounter: 1
        --------------------------------
[2026-02-08T06:42:28.720Z] Invoice 167
        Existing GlobalNo: null
        Existing ReceiptCounter: null
        ZimraSync: {"nextGlobalNo":29,"nextReceiptCounter":1}
        Calculated NextGlobalNo: 29
        Calculated NextReceiptCounter: 1
        --------------------------------
[2026-02-08T06:46:15.129Z] Invoice 167
        Existing GlobalNo: null
        Existing ReceiptCounter: null
        ZimraSync: {"nextGlobalNo":30,"nextReceiptCounter":1}
        Calculated NextGlobalNo: 30
        Calculated NextReceiptCounter: 1
        --------------------------------
[2026-02-08T07:12:21.803Z] Invoice 166
        Existing GlobalNo: null
        Existing ReceiptCounter: null
        ZimraSync: {"nextGlobalNo":31,"nextReceiptCounter":1}
        Calculated NextGlobalNo: 31
        Calculated NextReceiptCounter: 1
        --------------------------------
[2026-02-08T07:19:32.530Z] Invoice 168
        Existing GlobalNo: null
        Existing ReceiptCounter: null
        ZimraSync: {"nextGlobalNo":32,"nextReceiptCounter":1}
        Calculated NextGlobalNo: 32
        Calculated NextReceiptCounter: 1
        --------------------------------
[2026-02-08T07:23:12.209Z] Invoice 168
        Existing GlobalNo: 32
        Existing ReceiptCounter: 1
        ZimraSync: {"nextGlobalNo":33,"nextReceiptCounter":2}
        Calculated NextGlobalNo: 32
        Calculated NextReceiptCounter: 1
        --------------------------------
[2026-02-08T07:34:03.385Z] Invoice 169
        Existing GlobalNo: null
        Existing ReceiptCounter: null
        ZimraSync: {"nextGlobalNo":33,"nextReceiptCounter":2}
        Calculated NextGlobalNo: 33
        Calculated NextReceiptCounter: 2
        --------------------------------
[2026-02-08T07:37:03.029Z] Invoice 170
        Existing GlobalNo: null
        Existing ReceiptCounter: null
        ZimraSync: {"nextGlobalNo":34,"nextReceiptCounter":3}
        Calculated NextGlobalNo: 34
        Calculated NextReceiptCounter: 3
        --------------------------------
[2026-02-08T07:39:41.460Z] Invoice 171
        Existing GlobalNo: null
        Existing ReceiptCounter: null
        ZimraSync: {"nextGlobalNo":35,"nextReceiptCounter":1}
        Calculated NextGlobalNo: 35
        Calculated NextReceiptCounter: 1
        --------------------------------
[2026-02-08T08:28:40.812Z] Invoice 172
        Existing GlobalNo: null
        Existing ReceiptCounter: null
        ZimraSync: {"nextGlobalNo":36,"nextReceiptCounter":2}
        Calculated NextGlobalNo: 36
        Calculated NextReceiptCounter: 2
        --------------------------------
[2026-02-08T08:29:34.667Z] Invoice 173
        Existing GlobalNo: null
        Existing ReceiptCounter: null
        ZimraSync: {"nextGlobalNo":37,"nextReceiptCounter":3}
        Calculated NextGlobalNo: 37
        Calculated NextReceiptCounter: 3
        --------------------------------
[2026-02-08T09:19:06.964Z] Invoice 175
        Existing GlobalNo: null
        Existing ReceiptCounter: null
        ZimraSync: {"nextGlobalNo":38,"nextReceiptCounter":1}
        Calculated NextGlobalNo: 38
        Calculated NextReceiptCounter: 1
        --------------------------------
[2026-02-08T09:19:32.121Z] Invoice 174
        Existing GlobalNo: null
        Existing ReceiptCounter: null
        ZimraSync: {"nextGlobalNo":39,"nextReceiptCounter":2}
        Calculated NextGlobalNo: 39
        Calculated NextReceiptCounter: 2
        --------------------------------
[2026-02-08T14:39:07.158Z] Invoice 176
        Existing GlobalNo: null
        Existing ReceiptCounter: null
        ZimraSync: {"nextGlobalNo":40,"nextReceiptCounter":1}
        Calculated NextGlobalNo: 40
        Calculated NextReceiptCounter: 1
        --------------------------------
[2026-02-08T14:39:45.770Z] Invoice 176
        Existing GlobalNo: null
        Existing ReceiptCounter: null
        ZimraSync: {"nextGlobalNo":40,"nextReceiptCounter":1}
        Calculated NextGlobalNo: 40
        Calculated NextReceiptCounter: 1
        --------------------------------
[2026-02-08T14:49:09.412Z] Invoice 176
        Existing GlobalNo: null
        Existing ReceiptCounter: null
        ZimraSync: {"nextGlobalNo":40,"nextReceiptCounter":1}
        Calculated NextGlobalNo: 40
        Calculated NextReceiptCounter: 1
        --------------------------------
[2026-02-08T15:22:52.758Z] Invoice 181
        Existing GlobalNo: null
        Existing ReceiptCounter: null
        ZimraSync: {"nextGlobalNo":41,"nextReceiptCounter":2}
        Calculated NextGlobalNo: 41
        Calculated NextReceiptCounter: 2
        --------------------------------
[2026-02-08T15:27:13.681Z] Invoice 182
        Existing GlobalNo: null
        Existing ReceiptCounter: null
        ZimraSync: {"nextGlobalNo":42,"nextReceiptCounter":3}
        Calculated NextGlobalNo: 42
        Calculated NextReceiptCounter: 3
        --------------------------------
[2026-02-08T16:41:48.620Z] Invoice 183
        Existing GlobalNo: null
        Existing ReceiptCounter: null
        ZimraSync: {"nextGlobalNo":43,"nextReceiptCounter":4}
        Calculated NextGlobalNo: 43
        Calculated NextReceiptCounter: 4
        --------------------------------
[2026-02-08T16:47:52.808Z] Invoice 184
        Existing GlobalNo: null
        Existing ReceiptCounter: null
        ZimraSync: {"nextGlobalNo":44,"nextReceiptCounter":5}
        Calculated NextGlobalNo: 44
        Calculated NextReceiptCounter: 5
        --------------------------------
[2026-02-08T16:51:20.407Z] Invoice 185
        Existing GlobalNo: null
        Existing ReceiptCounter: null
        ZimraSync: {"nextGlobalNo":45,"nextReceiptCounter":6}
        Calculated NextGlobalNo: 45
        Calculated NextReceiptCounter: 6
        --------------------------------
[2026-02-08T17:02:39.984Z] Invoice 186
        Existing GlobalNo: null
        Existing ReceiptCounter: null
        ZimraSync: {"nextGlobalNo":46,"nextReceiptCounter":1}
        Calculated NextGlobalNo: 46
        Calculated NextReceiptCounter: 1
        --------------------------------
[2026-02-08T17:04:15.043Z] Invoice 188
        Existing GlobalNo: null
        Existing ReceiptCounter: null
        ZimraSync: {"nextGlobalNo":47,"nextReceiptCounter":1}
        Calculated NextGlobalNo: 47
        Calculated NextReceiptCounter: 1
        --------------------------------
[2026-02-10T11:21:49.102Z] Invoice 205
        Existing GlobalNo: null
        Existing ReceiptCounter: null
        ZimraSync: {"nextGlobalNo":48,"nextReceiptCounter":1}
        Calculated NextGlobalNo: 48
        Calculated NextReceiptCounter: 1
        --------------------------------
[2026-02-10T13:12:21.229Z] Invoice 208
        Existing GlobalNo: null
        Existing ReceiptCounter: null
        ZimraSync: {"nextGlobalNo":49,"nextReceiptCounter":1}
        Calculated NextGlobalNo: 49
        Calculated NextReceiptCounter: 1
        --------------------------------
[2026-02-10T13:23:10.403Z] Invoice 209
        Existing GlobalNo: null
        Existing ReceiptCounter: null
        ZimraSync: {"nextGlobalNo":50,"nextReceiptCounter":1}
        Calculated NextGlobalNo: 50
        Calculated NextReceiptCounter: 1
        --------------------------------
[2026-02-10T13:39:02.666Z] Invoice 211
        Existing GlobalNo: null
        Existing ReceiptCounter: null
        ZimraSync: {"nextGlobalNo":51,"nextReceiptCounter":1}
        Calculated NextGlobalNo: 51
        Calculated NextReceiptCounter: 1
        --------------------------------
[2026-02-10T13:39:25.015Z] Invoice 212
        Existing GlobalNo: null
        Existing ReceiptCounter: null
        ZimraSync: {"nextGlobalNo":52,"nextReceiptCounter":2}
        Calculated NextGlobalNo: 52
        Calculated NextReceiptCounter: 2
        --------------------------------
[2026-02-10T18:36:41.500Z] Invoice 200
        Existing GlobalNo: null
        Existing ReceiptCounter: null
        ZimraSync: {"nextGlobalNo":107,"nextReceiptCounter":1}
        Calculated NextGlobalNo: 107
        Calculated NextReceiptCounter: 1
        --------------------------------
[2026-02-11T16:36:08.150Z] Invoice 231
        Existing GlobalNo: null
        Existing ReceiptCounter: null
        ZimraSync: {"nextGlobalNo":12,"nextReceiptCounter":4}
        Calculated NextGlobalNo: 12
        Calculated NextReceiptCounter: 4
        --------------------------------
[2026-02-11T18:14:25.474Z] Invoice 232
        Existing GlobalNo: null
        Existing ReceiptCounter: null
        ZimraSync: {"nextGlobalNo":13,"nextReceiptCounter":5}
        Calculated NextGlobalNo: 13
        Calculated NextReceiptCounter: 5
        --------------------------------
[2026-02-11T18:56:00.942Z] Invoice 233
        Existing GlobalNo: null
        Existing ReceiptCounter: null
        ZimraSync: {"nextGlobalNo":14,"nextReceiptCounter":6}
        Calculated NextGlobalNo: 14
        Calculated NextReceiptCounter: 6
        --------------------------------
[2026-02-12T03:01:18.992Z] Invoice 235
        Existing GlobalNo: null
        Existing ReceiptCounter: null
        ZimraSync: {"nextGlobalNo":15,"nextReceiptCounter":6}
        Calculated NextGlobalNo: 15
        Calculated NextReceiptCounter: 6
        --------------------------------
[2026-02-12T03:03:45.739Z] Invoice 236
        Existing GlobalNo: null
        Existing ReceiptCounter: null
        ZimraSync: {"nextGlobalNo":16,"nextReceiptCounter":7}
        Calculated NextGlobalNo: 16
        Calculated NextReceiptCounter: 7
        --------------------------------
[2026-02-12T03:05:04.679Z] Invoice 237
        Existing GlobalNo: null
        Existing ReceiptCounter: null
        ZimraSync: {"nextGlobalNo":17,"nextReceiptCounter":8}
        Calculated NextGlobalNo: 17
        Calculated NextReceiptCounter: 8
        --------------------------------
[2026-02-12T03:07:35.817Z] Invoice 238
        Existing GlobalNo: null
        Existing ReceiptCounter: null
        ZimraSync: {"nextGlobalNo":55,"nextReceiptCounter":6}
        Calculated NextGlobalNo: 55
        Calculated NextReceiptCounter: 6
        --------------------------------
[2026-02-12T03:09:11.829Z] Invoice 239
        Existing GlobalNo: null
        Existing ReceiptCounter: null
        ZimraSync: {"nextGlobalNo":61,"nextReceiptCounter":26}
        Calculated NextGlobalNo: 61
        Calculated NextReceiptCounter: 26
        --------------------------------
[2026-02-14T03:24:39.676Z] Invoice 288
        Existing GlobalNo: null
        Existing ReceiptCounter: null
        ZimraSync: {"nextGlobalNo":1,"nextReceiptCounter":1}
        Calculated NextGlobalNo: 1
        Calculated NextReceiptCounter: 1
        --------------------------------
[2026-02-14T05:01:37.877Z] Invoice 289
        Existing GlobalNo: null
        Existing ReceiptCounter: null
        ZimraSync: undefined
        Calculated NextGlobalNo: 1
        Calculated NextReceiptCounter: 1
        --------------------------------
[2026-02-14T05:24:51.536Z] Invoice 291
        Existing GlobalNo: null
        Existing ReceiptCounter: null
        ZimraSync: undefined
        Calculated NextGlobalNo: 2
        Calculated NextReceiptCounter: 1
        --------------------------------
[2026-02-14T06:07:46.497Z] Invoice 292
        Existing GlobalNo: null
        Existing ReceiptCounter: null
        ZimraSync: undefined
        Calculated NextGlobalNo: 3
        Calculated NextReceiptCounter: 1
        --------------------------------
[2026-02-14T07:23:02.551Z] Invoice 293
        Existing GlobalNo: null
        Existing ReceiptCounter: null
        ZimraSync: undefined
        Calculated NextGlobalNo: 4
        Calculated NextReceiptCounter: 1
        --------------------------------
[2026-02-14T07:25:36.310Z] Invoice 294
        Existing GlobalNo: null
        Existing ReceiptCounter: null
        ZimraSync: undefined
        Calculated NextGlobalNo: 4
        Calculated NextReceiptCounter: 1
        --------------------------------
[2026-02-14T07:33:42.618Z] Invoice 295
        Existing GlobalNo: null
        Existing ReceiptCounter: null
        ZimraSync: undefined
        Calculated NextGlobalNo: 5
        Calculated NextReceiptCounter: 1
        --------------------------------
[2026-02-14T07:47:57.476Z] Invoice 297
        Existing GlobalNo: null
        Existing ReceiptCounter: null
        ZimraSync: undefined
        Calculated NextGlobalNo: 6
        Calculated NextReceiptCounter: 1
        --------------------------------
[2026-02-14T08:14:08.436Z] Invoice 298
        Existing GlobalNo: null
        Existing ReceiptCounter: null
        ZimraSync: undefined
        Calculated NextGlobalNo: 7
        Calculated NextReceiptCounter: 1
        --------------------------------
[2026-02-15T05:19:17.848Z] Invoice 303
        Existing GlobalNo: null
        Existing ReceiptCounter: null
        ZimraSync: undefined
        Calculated NextGlobalNo: 12
        Calculated NextReceiptCounter: 2
        --------------------------------
[2026-02-15T05:25:34.849Z] Invoice 304
        Existing GlobalNo: null
        Existing ReceiptCounter: null
        ZimraSync: undefined
        Calculated NextGlobalNo: 13
        Calculated NextReceiptCounter: 2
        --------------------------------
[2026-02-15T05:30:14.228Z] Invoice 305
        Existing GlobalNo: null
        Existing ReceiptCounter: null
        ZimraSync: undefined
        Calculated NextGlobalNo: 14
        Calculated NextReceiptCounter: 2
        --------------------------------
[2026-02-15T05:31:58.307Z] Invoice 306
        Existing GlobalNo: null
        Existing ReceiptCounter: null
        ZimraSync: undefined
        Calculated NextGlobalNo: 14
        Calculated NextReceiptCounter: 2
        --------------------------------
[2026-02-15T05:52:54.051Z] Invoice 307
        Existing GlobalNo: null
        Existing ReceiptCounter: null
        ZimraSync: undefined
        Calculated NextGlobalNo: 15
        Calculated NextReceiptCounter: 2
        --------------------------------
[2026-02-15T05:58:48.433Z] Invoice 308
        Existing GlobalNo: null
        Existing ReceiptCounter: null
        ZimraSync: undefined
        Calculated NextGlobalNo: 16
        Calculated NextReceiptCounter: 2
        --------------------------------
[2026-02-15T06:06:18.779Z] Invoice 309
        Existing GlobalNo: null
        Existing ReceiptCounter: null
        ZimraSync: undefined
        Calculated NextGlobalNo: 17
        Calculated NextReceiptCounter: 2
        --------------------------------
[2026-02-15T06:13:19.312Z] Invoice 310
        Existing GlobalNo: null
        Existing ReceiptCounter: null
        ZimraSync: undefined
        Calculated NextGlobalNo: 18
        Calculated NextReceiptCounter: 2
        --------------------------------
[2026-02-15T06:27:49.460Z] Invoice 311
        Existing GlobalNo: null
        Existing ReceiptCounter: null
        ZimraSync: undefined
        Calculated NextGlobalNo: 62
        Calculated NextReceiptCounter: 27
        --------------------------------
[2026-02-15T06:29:29.990Z] Invoice 312
        Existing GlobalNo: null
        Existing ReceiptCounter: null
        ZimraSync: undefined
        Calculated NextGlobalNo: 63
        Calculated NextReceiptCounter: 27
        --------------------------------
[2026-02-15T06:30:58.785Z] Invoice 313
        Existing GlobalNo: null
        Existing ReceiptCounter: null
        ZimraSync: undefined
        Calculated NextGlobalNo: 63
        Calculated NextReceiptCounter: 27
        --------------------------------
[2026-02-15T08:27:13.876Z] Invoice 314
        Existing GlobalNo: null
        Existing ReceiptCounter: null
        ZimraSync: undefined
        Calculated NextGlobalNo: 64
        Calculated NextReceiptCounter: 27
        --------------------------------
[2026-02-15T08:34:39.706Z] Invoice 315
        Existing GlobalNo: null
        Existing ReceiptCounter: null
        ZimraSync: undefined
        Calculated NextGlobalNo: 65
        Calculated NextReceiptCounter: 27
        --------------------------------
[2026-02-15T08:36:33.206Z] Invoice 316
        Existing GlobalNo: null
        Existing ReceiptCounter: null
        ZimraSync: undefined
        Calculated NextGlobalNo: 66
        Calculated NextReceiptCounter: 27
        --------------------------------
[2026-02-15T08:37:39.523Z] Invoice 317
        Existing GlobalNo: null
        Existing ReceiptCounter: null
        ZimraSync: undefined
        Calculated NextGlobalNo: 66
        Calculated NextReceiptCounter: 27
        --------------------------------
[2026-02-16T07:00:27.624Z] Invoice 320
        Existing GlobalNo: null
        Existing ReceiptCounter: null
        ZimraSync: undefined
        Calculated NextGlobalNo: 19
        Calculated NextReceiptCounter: 2
        --------------------------------
